<?xml version="1.0" encoding="UTF-8" ?>
<testsuite tests="10" failures="0" name="com.xdl.AppTest" time="0.036" errors="0" skipped="0">
  <properties>
[...]
</properties>
  <testcase classname="com.xdl.AppTest" name="TestLambdaThread" time="0.031"/>
  <testcase classname="com.xdl.AppTest" name="TestLambdaForeachArr" time="0"/>
  <testcase classname="com.xdl.AppTest" name="TestThread" time="0.001"/>
  <testcase classname="com.xdl.AppTest" name="TestPrintNum" time="0"/>
  <testcase classname="com.xdl.AppTest" name="TestLambdaTypeConvert" time="0.001"/>
  <testcase classname="com.xdl.AppTest" name="TestTypeConvert" time="0"/>
  <testcase classname="com.xdl.AppTest" name="TestForeachArr" time="0.001"/>
  <testcase classname="com.xdl.AppTest" name="TestLambdaIntBinaryOperator" time="0.001"/>
  <testcase classname="com.xdl.AppTest" name="TestIntBinaryOperator" time="0"/>
  <testcase classname="com.xdl.AppTest" name="TestLambdaPrintNum" time="0.001"/>
</testsuite>